<?xml version="1.0" encoding="UTF-8"?>
<!-- Generated by org.testng.reporters.JUnitReportReporter -->
<testsuite hostname="DESKTOP-BDPMNOL" name="TestNG.Car_Loan" tests="3" failures="0" timestamp="12 Dec 2020 12:59:09 GMT" time="0.010" errors="0">
  <testcase name="CarLoanAPI" time="0.006" classname="TestNG.Car_Loan"/>
  <testcase name="CarLoanweb" time="0.002" classname="TestNG.Car_Loan"/>
  <testcase name="CarLoanMobile" time="0.002" classname="TestNG.Car_Loan"/>
</testsuite> <!-- TestNG.Car_Loan -->
