<?xml version="1.0" encoding="UTF-8"?>
<!-- Generated by org.testng.reporters.JUnitReportReporter -->
<testsuite hostname="DESKTOP-BDPMNOL" name="TestNG.A2_TestNG" tests="2" failures="0" timestamp="12 Dec 2020 12:59:09 GMT" time="0.014" errors="0">
  <testcase name="Demo" time="0.010" classname="TestNG.A2_TestNG"/>
  <testcase name="Demo_Sec" time="0.004" classname="TestNG.A2_TestNG"/>
</testsuite> <!-- TestNG.A2_TestNG -->
