<?xml version="1.0" encoding="UTF-8"?>
<!-- Generated by org.testng.reporters.JUnitReportReporter -->
<testsuite hostname="DESKTOP-AB28KPC" failures="0" tests="1" name="Selnium_Practice.Forward_Backward" time="16.466" errors="0" timestamp="2021-03-06T02:33:37 IST" skipped="0">
  <testcase classname="Selnium_Practice.Forward_Backward" name="forward_backward" time="16.466"/>
  <system-out/>
</testsuite> <!-- Selnium_Practice.Forward_Backward -->
