<?xml version="1.0" encoding="UTF-8"?>
<!-- Generated by org.testng.reporters.JUnitReportReporter -->
<testsuite hostname="DESKTOP-BDPMNOL" name="TestNG.Annotations_Demo" tests="1" failures="0" timestamp="13 Dec 2020 16:17:12 GMT" time="0.025" errors="0">
  <testcase name="googletitleTest" time="0.025" classname="TestNG.Annotations_Demo"/>
</testsuite> <!-- TestNG.Annotations_Demo -->
