<?xml version="1.0" encoding="UTF-8"?>
<!-- Generated by org.testng.reporters.JUnitReportReporter -->
<testsuite hostname="DESKTOP-BDPMNOL" name="TestNG.Home_Loan" tests="3" failures="0" timestamp="12 Dec 2020 12:59:09 GMT" time="0.007" errors="0">
  <testcase name="HomeLoanMobile" time="0.002" classname="TestNG.Home_Loan"/>
  <testcase name="HomeLoanweb" time="0.003" classname="TestNG.Home_Loan"/>
  <testcase name="HomeLoanAPI" time="0.002" classname="TestNG.Home_Loan"/>
</testsuite> <!-- TestNG.Home_Loan -->
