<?xml version="1.0" encoding="UTF-8"?>
<!-- Generated by org.testng.reporters.JUnitReportReporter -->
<testsuite hostname="DESKTOP-AB28KPC" failures="0" tests="1" name="PageObjectModel_BY.RegistratinTest2" time="20.385" errors="0" timestamp="2021-02-23T03:36:19 IST" skipped="0">
  <testcase classname="PageObjectModel_BY.RegistratinTest2" name="verifyFlightTest" time="20.385"/>
  <system-out/>
</testsuite> <!-- PageObjectModel_BY.RegistratinTest2 -->
