<?xml version="1.0" encoding="UTF-8"?>
<!-- Generated by org.testng.reporters.JUnitReportReporter -->
<testsuite hostname="DESKTOP-BDPMNOL" name="TestNG.Gold_Loan" tests="3" failures="0" timestamp="12 Dec 2020 12:59:09 GMT" time="0.015" errors="0">
  <testcase name="GoldLoanMobile" time="0.006" classname="TestNG.Gold_Loan"/>
  <testcase name="GoldLoanweb" time="0.006" classname="TestNG.Gold_Loan"/>
  <testcase name="GoldLoanAPI" time="0.003" classname="TestNG.Gold_Loan"/>
</testsuite> <!-- TestNG.Gold_Loan -->
