<?xml version="1.0" encoding="UTF-8"?>
<!-- Generated by org.testng.reporters.JUnitReportReporter -->
<testsuite hostname="DESKTOP-AB28KPC" failures="0" tests="1" name="PageObjectModel_BY.RegistrationPageTest" time="19.104" errors="0" timestamp="2021-02-23T02:51:45 IST" skipped="0">
  <testcase classname="PageObjectModel_BY.RegistrationPageTest" name="verifyFlightTest" time="19.104"/>
  <system-out/>
</testsuite> <!-- PageObjectModel_BY.RegistrationPageTest -->
