<?xml version="1.0" encoding="UTF-8"?>
<!-- Generated by org.testng.reporters.JUnitReportReporter -->
<testsuite hostname="DESKTOP-GSJLIL2" failures="0" tests="1" name="SeleniumSecond.Java_Streams" time="0.029" errors="0" timestamp="10 Oct 2020 17:31:04 GMT">
  <testcase classname="SeleniumSecond.Java_Streams" name="names" time="0.029"/>
</testsuite> <!-- SeleniumSecond.Java_Streams -->
