<?xml version="1.0" encoding="UTF-8"?>
<!-- Generated by org.testng.reporters.JUnitReportReporter -->
<testsuite hostname="DESKTOP-BDPMNOL" name="TestNG.TestNG_Features" tests="2" failures="0" timestamp="14 Dec 2020 17:40:11 GMT" time="0.019" errors="0">
  <testcase name="login" time="0.003" classname="TestNG.TestNG_Features"/>
  <testcase name="homepage" time="0.016" classname="TestNG.TestNG_Features"/>
</testsuite> <!-- TestNG.TestNG_Features -->
