<?xml version="1.0" encoding="UTF-8"?>
<!-- Generated by org.testng.reporters.JUnitReportReporter -->
<testsuite hostname="DESKTOP-BDPMNOL" name="TestNG.Innvocation_Count_Test" tests="10" failures="0" timestamp="14 Dec 2020 18:28:56 GMT" time="0.053" errors="0">
  <testcase name="sum" time="0.014" classname="TestNG.Innvocation_Count_Test"/>
  <testcase name="sum" time="0.002" classname="TestNG.Innvocation_Count_Test"/>
  <testcase name="sum" time="0.002" classname="TestNG.Innvocation_Count_Test"/>
  <testcase name="sum" time="0.005" classname="TestNG.Innvocation_Count_Test"/>
  <testcase name="sum" time="0.010" classname="TestNG.Innvocation_Count_Test"/>
  <testcase name="sum" time="0.002" classname="TestNG.Innvocation_Count_Test"/>
  <testcase name="sum" time="0.009" classname="TestNG.Innvocation_Count_Test"/>
  <testcase name="sum" time="0.004" classname="TestNG.Innvocation_Count_Test"/>
  <testcase name="sum" time="0.002" classname="TestNG.Innvocation_Count_Test"/>
  <testcase name="sum" time="0.003" classname="TestNG.Innvocation_Count_Test"/>
</testsuite> <!-- TestNG.Innvocation_Count_Test -->
