<?xml version="1.0" encoding="UTF-8"?>
<!-- Generated by org.testng.reporters.JUnitReportReporter -->
<testsuite hostname="LAPTOP-HSQD46T4" failures="0" tests="1" name="uploadSelenium.uploadSendKeys" time="10.986" errors="0" timestamp="2023-03-26T20:00:14 IST" skipped="0">
  <testcase classname="uploadSelenium.uploadSendKeys" name="testUploadFIle" time="10.986"/>
  <system-out/>
</testsuite> <!-- uploadSelenium.uploadSendKeys -->
