<?xml version="1.0" encoding="UTF-8"?>
<!-- Generated by org.testng.reporters.JUnitReportReporter -->
<testsuite hostname="LAPTOP-HSQD46T4" failures="0" tests="1" name="uploadSelenium.uploadToolKit" time="11.982" errors="0" timestamp="2023-03-26T22:21:28 IST" skipped="0">
  <testcase classname="uploadSelenium.uploadToolKit" name="uploadFileToolKit" time="11.982"/>
  <system-out/>
</testsuite> <!-- uploadSelenium.uploadToolKit -->
